This is pdfTeX, Version 3.141592-1.40.3 (MiKTeX 2.6) (preloaded format=latex 2007.5.14)  1 APR 2009 12:31
entering extended mode
**studiorum.tex
(studiorum.tex
LaTeX2e <2005/12/01>
Babel <v3.8g> and hyphenation patterns for english, dumylang, nohyphenation, ge
rman, ngerman, french, loaded.
! Undefined control sequence.
l.4    \ecvsection
                  {\em Curriculum Studiorum}
? x
 
Here is how much of TeX's memory you used:
 7 strings out of 95306
 100 string characters out of 1185298
 44877 words of memory out of 1048577
 3286 multiletter control sequences out of 60000
 3640 words of font info for 14 fonts, out of 1000000 for 2000
 14 hyphenation exceptions out of 8191
 5i,0n,1p,59b,8s stack positions out of 5000i,500n,10000p,200000b,32768s
No pages of output.
